  Actor.cpp
  Animation.cpp
  AudioManager.cpp
  BGBlock.cpp
  BitmapText.cpp
  BlackKnightActor.cpp
  BoneTransform.cpp
  BoxCollider.cpp
  CameraActor.cpp
  coin.cpp
  Collision.cpp
  DebugGrid.cpp
  EnemyActorBase.cpp
  EnemyBehaviorComponent.cpp
  EnemyLookAround.cpp
  EnemyPatrol.cpp
  Game.cpp
  InputController.cpp
  LevelManager.cpp
  LookDownCamera.cpp
  コードを生成中...
  コンパイル中...
  main.cpp
  Math.cpp
  Mesh.cpp
C:\Users\student\Desktop\enemy\gameProto_9Enemy\gameProto\Mesh.cpp(221,65): warning C4267: '引数': 'size_t' から 'unsigned int' に変換しました。データが失われているかもしれません。
  MeshComponent.cpp
  Music.cpp
  PhysicsWorld.cpp
  PlayerActor.cpp
  PlayerActorStateIdle.cpp
  PlayerActorStateJump.cpp
  PlayerActorStateJumpEnd.cpp
  PlayerActorStateJumpLoop.cpp
  PlayerActorStateRun.cpp
  Renderer.cpp
  Input.cpp
  Component.cpp
  Shader.cpp
  SkeletalMeshComponent.cpp
  Skeleton.cpp
  sound.cpp
  TestScene.cpp
  コードを生成中...
  コンパイル中...
  Texture.cpp
  ThirdPersonCamera.cpp
  VertexArray.cpp
  コードを生成中...
Animation.obj : error LNK2019: 未解決の外部シンボル SDL_Log が関数 "public: bool __cdecl Animation::Load(class std::basic_string<char,struct std::char_traits<char>,class std::allocator<char> > const &,bool)" (?Load@Animation@@QEAA_NAEBV?$basic_string@DU?$char_traits@D@std@@V?$allocator@D@2@@std@@_N@Z) で参照されました。
Skeleton.obj : error LNK2001: 外部シンボル "SDL_Log" は未解決です。
DebugGrid.obj : error LNK2001: 外部シンボル "__imp___glewBindBuffer" は未解決です。
VertexArray.obj : error LNK2001: 外部シンボル "__imp___glewBindBuffer" は未解決です。
DebugGrid.obj : error LNK2001: 外部シンボル "__imp___glewBufferData" は未解決です。
VertexArray.obj : error LNK2001: 外部シンボル "__imp___glewBufferData" は未解決です。
DebugGrid.obj : error LNK2001: 外部シンボル "__imp___glewGenBuffers" は未解決です。
VertexArray.obj : error LNK2001: 外部シンボル "__imp___glewGenBuffers" は未解決です。
DebugGrid.obj : error LNK2001: 外部シンボル "__imp___glewEnableVertexAttribArray" は未解決です。
VertexArray.obj : error LNK2001: 外部シンボル "__imp___glewEnableVertexAttribArray" は未解決です。
DebugGrid.obj : error LNK2001: 外部シンボル "__imp___glewVertexAttribPointer" は未解決です。
VertexArray.obj : error LNK2001: 外部シンボル "__imp___glewVertexAttribPointer" は未解決です。
DebugGrid.obj : error LNK2001: 外部シンボル "__imp___glewBindVertexArray" は未解決です。
VertexArray.obj : error LNK2001: 外部シンボル "__imp___glewBindVertexArray" は未解決です。
DebugGrid.obj : error LNK2001: 外部シンボル "__imp___glewGenVertexArrays" は未解決です。
VertexArray.obj : error LNK2001: 外部シンボル "__imp___glewGenVertexArrays" は未解決です。
Game.obj : error LNK2019: 未解決の外部シンボル SDL_GetError が関数 "public: bool __cdecl Game::Initialize(int,int,bool)" (?Initialize@Game@@QEAA_NHH_N@Z) で参照されました。
InputController.obj : error LNK2001: 外部シンボル "SDL_GetError" は未解決です。
Renderer.obj : error LNK2001: 外部シンボル "SDL_GetError" は未解決です。
Game.obj : error LNK2019: 未解決の外部シンボル SDL_PollEvent が関数 "private: void __cdecl Game::Input(void)" (?Input@Game@@AEAAXXZ) で参照されました。
Game.obj : error LNK2019: 未解決の外部シンボル SDL_GetTicks が関数 "public: bool __cdecl Game::Initialize(int,int,bool)" (?Initialize@Game@@QEAA_NHH_N@Z) で参照されました。
Game.obj : error LNK2019: 未解決の外部シンボル SDL_Init が関数 "public: bool __cdecl Game::Initialize(int,int,bool)" (?Initialize@Game@@QEAA_NHH_N@Z) で参照されました。
Game.obj : error LNK2019: 未解決の外部シンボル Mix_Init が関数 "public: bool __cdecl Game::Initialize(int,int,bool)" (?Initialize@Game@@QEAA_NHH_N@Z) で参照されました。
Game.obj : error LNK2019: 未解決の外部シンボル Mix_Quit が関数 "public: bool __cdecl Game::Initialize(int,int,bool)" (?Initialize@Game@@QEAA_NHH_N@Z) で参照されました。
Game.obj : error LNK2019: 未解決の外部シンボル Mix_OpenAudio が関数 "public: bool __cdecl Game::Initialize(int,int,bool)" (?Initialize@Game@@QEAA_NHH_N@Z) で参照されました。
Game.obj : error LNK2019: 未解決の外部シンボル Mix_GetNumChunkDecoders が関数 "public: bool __cdecl Game::Initialize(int,int,bool)" (?Initialize@Game@@QEAA_NHH_N@Z) で参照されました。
Game.obj : error LNK2019: 未解決の外部シンボル Mix_GetChunkDecoder が関数 "public: bool __cdecl Game::Initialize(int,int,bool)" (?Initialize@Game@@QEAA_NHH_N@Z) で参照されました。
Game.obj : error LNK2019: 未解決の外部シンボル Mix_GetNumMusicDecoders が関数 "public: bool __cdecl Game::Initialize(int,int,bool)" (?Initialize@Game@@QEAA_NHH_N@Z) で参照されました。
Game.obj : error LNK2019: 未解決の外部シンボル Mix_GetMusicDecoder が関数 "public: bool __cdecl Game::Initialize(int,int,bool)" (?Initialize@Game@@QEAA_NHH_N@Z) で参照されました。
Game.obj : error LNK2019: 未解決の外部シンボル Mix_CloseAudio が関数 "public: bool __cdecl Game::Initialize(int,int,bool)" (?Initialize@Game@@QEAA_NHH_N@Z) で参照されました。
InputController.obj : error LNK2019: 未解決の外部シンボル SDL_RWFromFile が関数 "public: bool __cdecl InputController::Initialize(void)" (?Initialize@InputController@@QEAA_NXZ) で参照されました。
sound.obj : error LNK2001: 外部シンボル "SDL_RWFromFile" は未解決です。
InputController.obj : error LNK2019: 未解決の外部シンボル SDL_GameControllerAddMappingsFromRW が関数 "public: bool __cdecl InputController::Initialize(void)" (?Initialize@InputController@@QEAA_NXZ) で参照されました。
InputController.obj : error LNK2019: 未解決の外部シンボル SDL_GameControllerMapping が関数 "public: bool __cdecl InputController::Initialize(void)" (?Initialize@InputController@@QEAA_NXZ) で参照されました。
InputController.obj : error LNK2019: 未解決の外部シンボル SDL_IsGameController が関数 "public: bool __cdecl InputController::Initialize(void)" (?Initialize@InputController@@QEAA_NXZ) で参照されました。
InputController.obj : error LNK2019: 未解決の外部シンボル SDL_GameControllerOpen が関数 "public: bool __cdecl InputController::Initialize(void)" (?Initialize@InputController@@QEAA_NXZ) で参照されました。
InputController.obj : error LNK2019: 未解決の外部シンボル SDL_GameControllerEventState が関数 "public: bool __cdecl InputController::Initialize(void)" (?Initialize@InputController@@QEAA_NXZ) で参照されました。
InputController.obj : error LNK2019: 未解決の外部シンボル SDL_GameControllerUpdate が関数 "public: void __cdecl InputController::Update(void)" (?Update@InputController@@QEAAXXZ) で参照されました。
InputController.obj : error LNK2019: 未解決の外部シンボル SDL_GameControllerGetAxis が関数 "public: void __cdecl InputController::Update(void)" (?Update@InputController@@QEAAXXZ) で参照されました。
InputController.obj : error LNK2019: 未解決の外部シンボル SDL_GameControllerGetButton が関数 "public: void __cdecl InputController::Update(void)" (?Update@InputController@@QEAAXXZ) で参照されました。
InputController.obj : error LNK2019: 未解決の外部シンボル SDL_GameControllerClose が関数 "public: void __cdecl InputController::Release(void)" (?Release@InputController@@QEAAXXZ) で参照されました。
InputController.obj : error LNK2019: 未解決の外部シンボル SDL_LogWarn が関数 "public: bool __cdecl InputController::Initialize(void)" (?Initialize@InputController@@QEAA_NXZ) で参照されました。
Music.obj : error LNK2019: 未解決の外部シンボル Mix_LoadMUS が関数 "public: bool __cdecl Music::LoadMusic(class std::basic_string<char,struct std::char_traits<char>,class std::allocator<char> > const &)" (?LoadMusic@Music@@QEAA_NAEBV?$basic_string@DU?$char_traits@D@std@@V?$allocator@D@2@@std@@@Z) で参照されました。
Music.obj : error LNK2019: 未解決の外部シンボル Mix_FreeMusic が関数 "public: __cdecl Music::~Music(void)" (??1Music@@QEAA@XZ) で参照されました。
Music.obj : error LNK2019: 未解決の外部シンボル Mix_PlayMusic が関数 "public: void __cdecl Music::Play(void)" (?Play@Music@@QEAAXXZ) で参照されました。
Music.obj : error LNK2019: 未解決の外部シンボル Mix_FadeInMusic が関数 "public: void __cdecl Music::FadeInMusic(int)" (?FadeInMusic@Music@@QEAAXH@Z) で参照されました。
Music.obj : error LNK2019: 未解決の外部シンボル Mix_HaltMusic が関数 "public: static void __cdecl Music::Stop(void)" (?Stop@Music@@SAXXZ) で参照されました。
Music.obj : error LNK2019: 未解決の外部シンボル Mix_FadeOutMusic が関数 "public: static void __cdecl Music::FadeOutMusic(int)" (?FadeOutMusic@Music@@SAXH@Z) で参照されました。
Music.obj : error LNK2019: 未解決の外部シンボル Mix_PlayingMusic が関数 "public: static bool __cdecl Music::IsPlaying(void)" (?IsPlaying@Music@@SA_NXZ) で参照されました。
Renderer.obj : error LNK2019: 未解決の外部シンボル SDL_CreateWindow が関数 "public: bool __cdecl Renderer::Initialize(int,int,bool)" (?Initialize@Renderer@@QEAA_NHH_N@Z) で参照されました。
Renderer.obj : error LNK2019: 未解決の外部シンボル SDL_SetWindowTitle が関数 "public: void __cdecl Renderer::SetWindowTitle(class std::basic_string<char,struct std::char_traits<char>,class std::allocator<char> > const &)" (?SetWindowTitle@Renderer@@QEAAXAEBV?$basic_string@DU?$char_traits@D@std@@V?$allocator@D@2@@std@@@Z) で参照されました。
Renderer.obj : error LNK2019: 未解決の外部シンボル SDL_SetWindowFullscreen が関数 "public: bool __cdecl Renderer::Initialize(int,int,bool)" (?Initialize@Renderer@@QEAA_NHH_N@Z) で参照されました。
Renderer.obj : error LNK2019: 未解決の外部シンボル SDL_DestroyWindow が関数 "public: void __cdecl Renderer::Shutdown(void)" (?Shutdown@Renderer@@QEAAXXZ) で参照されました。
Renderer.obj : error LNK2019: 未解決の外部シンボル SDL_GL_SetAttribute が関数 "public: bool __cdecl Renderer::Initialize(int,int,bool)" (?Initialize@Renderer@@QEAA_NHH_N@Z) で参照されました。
Renderer.obj : error LNK2019: 未解決の外部シンボル SDL_GL_CreateContext が関数 "public: bool __cdecl Renderer::Initialize(int,int,bool)" (?Initialize@Renderer@@QEAA_NHH_N@Z) で参照されました。
Renderer.obj : error LNK2019: 未解決の外部シンボル SDL_GL_DeleteContext が関数 "public: void __cdecl Renderer::Shutdown(void)" (?Shutdown@Renderer@@QEAAXXZ) で参照されました。
Renderer.obj : error LNK2019: 未解決の外部シンボル SDL_CreateRenderer が関数 "public: bool __cdecl Renderer::Initialize(int,int,bool)" (?Initialize@Renderer@@QEAA_NHH_N@Z) で参照されました。
Renderer.obj : error LNK2019: 未解決の外部シンボル __imp_glewInit が関数 "public: bool __cdecl Renderer::Initialize(int,int,bool)" (?Initialize@Renderer@@QEAA_NHH_N@Z) で参照されました。
Renderer.obj : error LNK2019: 未解決の外部シンボル IMG_Init が関数 "public: bool __cdecl Renderer::Initialize(int,int,bool)" (?Initialize@Renderer@@QEAA_NHH_N@Z) で参照されました。
Renderer.obj : error LNK2001: 外部シンボル "__imp___glewBlendFuncSeparate" は未解決です。
Renderer.obj : error LNK2001: 外部シンボル "__imp___glewBlendEquationSeparate" は未解決です。
Renderer.obj : error LNK2001: 外部シンボル "__imp_glewExperimental" は未解決です。
Input.obj : error LNK2019: 未解決の外部シンボル SDL_GetKeyboardState が関数 "public: void __cdecl Input::Update(void)" (?Update@Input@@QEAAXXZ) で参照されました。
Shader.obj : error LNK2001: 外部シンボル "__imp___glewAttachShader" は未解決です。
Shader.obj : error LNK2001: 外部シンボル "__imp___glewCompileShader" は未解決です。
Shader.obj : error LNK2001: 外部シンボル "__imp___glewCreateProgram" は未解決です。
Shader.obj : error LNK2001: 外部シンボル "__imp___glewCreateShader" は未解決です。
Shader.obj : error LNK2001: 外部シンボル "__imp___glewDeleteProgram" は未解決です。
Shader.obj : error LNK2001: 外部シンボル "__imp___glewDeleteShader" は未解決です。
Shader.obj : error LNK2001: 外部シンボル "__imp___glewGetProgramInfoLog" は未解決です。
Shader.obj : error LNK2001: 外部シンボル "__imp___glewGetProgramiv" は未解決です。
Shader.obj : error LNK2001: 外部シンボル "__imp___glewGetShaderInfoLog" は未解決です。
Shader.obj : error LNK2001: 外部シンボル "__imp___glewGetShaderiv" は未解決です。
Shader.obj : error LNK2001: 外部シンボル "__imp___glewGetUniformLocation" は未解決です。
Shader.obj : error LNK2001: 外部シンボル "__imp___glewLinkProgram" は未解決です。
Shader.obj : error LNK2001: 外部シンボル "__imp___glewShaderSource" は未解決です。
Shader.obj : error LNK2001: 外部シンボル "__imp___glewUniform1f" は未解決です。
Shader.obj : error LNK2001: 外部シンボル "__imp___glewUniform1i" は未解決です。
Shader.obj : error LNK2001: 外部シンボル "__imp___glewUniform2fv" は未解決です。
Shader.obj : error LNK2001: 外部シンボル "__imp___glewUniform3fv" は未解決です。
Shader.obj : error LNK2001: 外部シンボル "__imp___glewUniformMatrix4fv" は未解決です。
Shader.obj : error LNK2001: 外部シンボル "__imp___glewUseProgram" は未解決です。
sound.obj : error LNK2019: 未解決の外部シンボル Mix_LoadWAV_RW が関数 "public: bool __cdecl Sound::LoadSound(class std::basic_string<char,struct std::char_traits<char>,class std::allocator<char> > const &)" (?LoadSound@Sound@@QEAA_NAEBV?$basic_string@DU?$char_traits@D@std@@V?$allocator@D@2@@std@@@Z) で参照されました。
sound.obj : error LNK2019: 未解決の外部シンボル Mix_FreeChunk が関数 "public: __cdecl Sound::~Sound(void)" (??1Sound@@QEAA@XZ) で参照されました。
sound.obj : error LNK2019: 未解決の外部シンボル Mix_PlayChannelTimed が関数 "public: void __cdecl Sound::Play(void)" (?Play@Sound@@QEAAXXZ) で参照されました。
sound.obj : error LNK2019: 未解決の外部シンボル Mix_HaltChannel が関数 "public: void __cdecl Sound::Stop(void)" (?Stop@Sound@@QEAAXXZ) で参照されました。
sound.obj : error LNK2019: 未解決の外部シンボル Mix_Playing が関数 "public: bool __cdecl Sound::IsPlaying(void)" (?IsPlaying@Sound@@QEAA_NXZ) で参照されました。
TestScene.obj : error LNK2019: 未解決の外部シンボル SDL_GL_SwapWindow が関数 "public: void __cdecl Renderer::WindowFlip(void)" (?WindowFlip@Renderer@@QEAAXXZ) で参照されました。
Texture.obj : error LNK2019: 未解決の外部シンボル SDL_FreeSurface が関数 "public: bool __cdecl Texture::Load(class std::basic_string<char,struct std::char_traits<char>,class std::allocator<char> > const &)" (?Load@Texture@@QEAA_NAEBV?$basic_string@DU?$char_traits@D@std@@V?$allocator@D@2@@std@@@Z) で参照されました。
Texture.obj : error LNK2019: 未解決の外部シンボル SDL_CreateTextureFromSurface が関数 "public: bool __cdecl Texture::Load(class std::basic_string<char,struct std::char_traits<char>,class std::allocator<char> > const &)" (?Load@Texture@@QEAA_NAEBV?$basic_string@DU?$char_traits@D@std@@V?$allocator@D@2@@std@@@Z) で参照されました。
Texture.obj : error LNK2019: 未解決の外部シンボル IMG_Load が関数 "public: bool __cdecl Texture::Load(class std::basic_string<char,struct std::char_traits<char>,class std::allocator<char> > const &)" (?Load@Texture@@QEAA_NAEBV?$basic_string@DU?$char_traits@D@std@@V?$allocator@D@2@@std@@@Z) で参照されました。
VertexArray.obj : error LNK2001: 外部シンボル "__imp___glewDeleteBuffers" は未解決です。
VertexArray.obj : error LNK2001: 外部シンボル "__imp___glewVertexAttribIPointer" は未解決です。
VertexArray.obj : error LNK2001: 外部シンボル "__imp___glewDeleteVertexArrays" は未解決です。
MSVCRTD.lib(exe_main.obj) : error LNK2019: 未解決の外部シンボル main が関数 "int __cdecl invoke_main(void)" (?invoke_main@@YAHXZ) で参照されました。
C:\Users\student\Desktop\enemy\gameProto_9Enemy\..\Libraries\SDL\lib\win\x86\SDL2.lib : warning LNK4272: ライブラリのコンピューターの種類 'x86' がターゲットのコンピューターの種類' x64' と競合しています
C:\Users\student\Desktop\enemy\gameProto_9Enemy\..\Libraries\SDL\lib\win\x86\SDL2main.lib : warning LNK4272: ライブラリのコンピューターの種類 'x86' がターゲットのコンピューターの種類' x64' と競合しています
C:\Users\student\Desktop\enemy\gameProto_9Enemy\..\Libraries\SDL\lib\win\x86\SDL2_ttf.lib : warning LNK4272: ライブラリのコンピューターの種類 'x86' がターゲットのコンピューターの種類' x64' と競合しています
C:\Users\student\Desktop\enemy\gameProto_9Enemy\..\Libraries\SDL\lib\win\x86\SDL2_mixer.lib : warning LNK4272: ライブラリのコンピューターの種類 'x86' がターゲットのコンピューターの種類' x64' と競合しています
C:\Users\student\Desktop\enemy\gameProto_9Enemy\..\Libraries\SDL\lib\win\x86\SDL2_image.lib : warning LNK4272: ライブラリのコンピューターの種類 'x86' がターゲットのコンピューターの種類' x64' と競合しています
C:\Users\student\Desktop\enemy\gameProto_9Enemy\..\Libraries\GLEW\lib\win\x86\glew32.lib : warning LNK4272: ライブラリのコンピューターの種類 'x86' がターゲットのコンピューターの種類' x64' と競合しています
C:\Users\student\Desktop\enemy\gameProto_9Enemy\x64\Debug\gameProto.exe : fatal error LNK1120: 84 件の未解決の外部参照
