c:\users\reguf\desktop\myproject\gameproto_9enemy\gameproto\debug\enemypatrol.obj
c:\users\reguf\desktop\myproject\gameproto_9enemy\gameproto\debug\enemylookaround.obj
c:\users\reguf\desktop\myproject\gameproto_9enemy\gameproto\debug\enemyhit.obj
c:\users\reguf\desktop\myproject\gameproto_9enemy\gameproto\debug\enemydeath.obj
c:\users\reguf\desktop\myproject\gameproto_9enemy\gameproto\debug\enemychase.obj
c:\users\reguf\desktop\myproject\gameproto_9enemy\gameproto\debug\enemybehaviorcomponent.obj
c:\users\reguf\desktop\myproject\gameproto_9enemy\gameproto\debug\enemyattack.obj
c:\users\reguf\desktop\myproject\gameproto_9enemy\gameproto\debug\enemyactorbase.obj
c:\users\reguf\desktop\myproject\gameproto_9enemy\gameproto\debug\debuggrid.obj
c:\users\reguf\desktop\myproject\gameproto_9enemy\gameproto\debug\collision.obj
c:\users\reguf\desktop\myproject\gameproto_9enemy\gameproto\debug\coin.obj
c:\users\reguf\desktop\myproject\gameproto_9enemy\gameproto\debug\cameraactor.obj
c:\users\reguf\desktop\myproject\gameproto_9enemy\gameproto\debug\boxcollider.obj
c:\users\reguf\desktop\myproject\gameproto_9enemy\gameproto\debug\bonetransform.obj
c:\users\reguf\desktop\myproject\gameproto_9enemy\gameproto\debug\blackknightactor.obj
c:\users\reguf\desktop\myproject\gameproto_9enemy\gameproto\debug\bitmaptext.obj
c:\users\reguf\desktop\myproject\gameproto_9enemy\gameproto\debug\bgblock.obj
c:\users\reguf\desktop\myproject\gameproto_9enemy\gameproto\debug\audiomanager.obj
c:\users\reguf\desktop\myproject\gameproto_9enemy\gameproto\debug\animation.obj
c:\users\reguf\desktop\myproject\gameproto_9enemy\gameproto\debug\actor.obj
c:\users\reguf\desktop\myproject\gameproto_9enemy\gameproto\debug\playeractorstatelightattack2.obj
c:\users\reguf\desktop\myproject\gameproto_9enemy\gameproto\debug\playeractorstatelightattack1.obj
c:\users\reguf\desktop\myproject\gameproto_9enemy\gameproto\debug\playeractorstatejumploop.obj
c:\users\reguf\desktop\myproject\gameproto_9enemy\gameproto\debug\playeractorstatejumpend.obj
c:\users\reguf\desktop\myproject\gameproto_9enemy\gameproto\debug\playeractorstatejump.obj
c:\users\reguf\desktop\myproject\gameproto_9enemy\gameproto\debug\playeractorstateidle.obj
c:\users\reguf\desktop\myproject\gameproto_9enemy\gameproto\debug\playeractor.obj
c:\users\reguf\desktop\myproject\gameproto_9enemy\gameproto\debug\physicsworld.obj
c:\users\reguf\desktop\myproject\gameproto_9enemy\gameproto\debug\music.obj
c:\users\reguf\desktop\myproject\gameproto_9enemy\gameproto\debug\meshcomponent.obj
c:\users\reguf\desktop\myproject\gameproto_9enemy\gameproto\debug\mesh.obj
c:\users\reguf\desktop\myproject\gameproto_9enemy\gameproto\debug\math.obj
c:\users\reguf\desktop\myproject\gameproto_9enemy\gameproto\debug\main.obj
c:\users\reguf\desktop\myproject\gameproto_9enemy\gameproto\debug\lookdowncamera.obj
c:\users\reguf\desktop\myproject\gameproto_9enemy\gameproto\debug\levelmanager.obj
c:\users\reguf\desktop\myproject\gameproto_9enemy\gameproto\debug\inputcontroller.obj
c:\users\reguf\desktop\myproject\gameproto_9enemy\gameproto\debug\gameoverscene.obj
c:\users\reguf\desktop\myproject\gameproto_9enemy\gameproto\debug\gameclearscene.obj
c:\users\reguf\desktop\myproject\gameproto_9enemy\gameproto\debug\game.obj
c:\users\reguf\desktop\myproject\gameproto_9enemy\gameproto\debug\enemyshot.obj
c:\users\reguf\desktop\myproject\gameproto_9enemy\gameproto\debug\vertexarray.obj
c:\users\reguf\desktop\myproject\gameproto_9enemy\gameproto\debug\titlescene.obj
c:\users\reguf\desktop\myproject\gameproto_9enemy\gameproto\debug\thirdpersoncamera.obj
c:\users\reguf\desktop\myproject\gameproto_9enemy\gameproto\debug\texture.obj
c:\users\reguf\desktop\myproject\gameproto_9enemy\gameproto\debug\testscene.obj
c:\users\reguf\desktop\myproject\gameproto_9enemy\gameproto\debug\sound.obj
c:\users\reguf\desktop\myproject\gameproto_9enemy\gameproto\debug\skeleton.obj
c:\users\reguf\desktop\myproject\gameproto_9enemy\gameproto\debug\skeletalmeshcomponent.obj
c:\users\reguf\desktop\myproject\gameproto_9enemy\gameproto\debug\shader.obj
c:\users\reguf\desktop\myproject\gameproto_9enemy\gameproto\debug\component.obj
c:\users\reguf\desktop\myproject\gameproto_9enemy\gameproto\debug\input.obj
c:\users\reguf\desktop\myproject\gameproto_9enemy\gameproto\debug\renderer.obj
c:\users\reguf\desktop\myproject\gameproto_9enemy\gameproto\debug\playeractorstaterun.obj
c:\users\reguf\desktop\myproject\gameproto_9enemy\gameproto\debug\playeractorstatelightattack3.obj
c:\users\reguf\desktop\myproject\gameproto_9enemy\gameproto\debug\vc142.pdb
c:\users\reguf\desktop\myproject\gameproto_9enemy\gameproto\debug\playeractorstatehit.obj
c:\users\reguf\desktop\myproject\gameproto_9enemy\gameproto\gameproto.exe
c:\users\reguf\desktop\myproject\gameproto_9enemy\gameproto\gameproto.ilk
c:\users\reguf\desktop\myproject\gameproto_9enemy\gameproto\gameproto.pdb
c:\users\reguf\desktop\myproject\gameproto_9enemy\gameproto\debug\vc142.idb
c:\users\reguf\desktop\myproject\gameproto_9enemy\gameproto\debug\gameproto.tlog\cl.command.1.tlog
c:\users\reguf\desktop\myproject\gameproto_9enemy\gameproto\debug\gameproto.tlog\cl.read.1.tlog
c:\users\reguf\desktop\myproject\gameproto_9enemy\gameproto\debug\gameproto.tlog\cl.write.1.tlog
c:\users\reguf\desktop\myproject\gameproto_9enemy\gameproto\debug\gameproto.tlog\link.command.1.tlog
c:\users\reguf\desktop\myproject\gameproto_9enemy\gameproto\debug\gameproto.tlog\link.read.1.tlog
c:\users\reguf\desktop\myproject\gameproto_9enemy\gameproto\debug\gameproto.tlog\link.write.1.tlog
